<?xml version="1.0" encoding="UTF-8"?>
<!-- Generated by org.testng.reporters.JUnitXMLReporter -->
<testsuite ignored="1" hostname="DESKTOP-9D368LM" failures="0" tests="1" name="Default test" time="4.553" errors="0" timestamp="2025-06-27T17:15:43 IST">
  <testcase classname="com.purna_data.testcases.purna_logintest" name="loginsuccess" time="1.628"/>
  <testcase classname="com.purna_data.testcases.purna_logintest" name="loginfail" time="0.0">
    <ignored/>
  </testcase> <!-- loginfail -->
</testsuite> <!-- Default test -->
