<?xml version="1.0" encoding="UTF-8"?>
<testng-results ignored="1" total="2" passed="1" failed="0" skipped="0">
  <reporter-output>
  </reporter-output>
  <suite started-at="2025-06-27T17:15:38 IST" name="Default suite" finished-at="2025-06-27T17:15:43 IST" duration-ms="4553">
    <groups>
    </groups>
    <test started-at="2025-06-27T17:15:38 IST" name="Default test" finished-at="2025-06-27T17:15:43 IST" duration-ms="4553">
      <class name="com.purna_data.testcases.purna_logintest">
        <test-method is-config="true" signature="init()[pri:0, instance:com.purna_data.testcases.purna_logintest@4567f35d]" started-at="2025-06-27T17:15:39 IST" name="init" finished-at="2025-06-27T17:15:41 IST" duration-ms="2750" status="PASS">
          <reporter-output>
          </reporter-output>
        </test-method> <!-- init -->
        <test-method signature="loginsuccess()[pri:-1, instance:com.purna_data.testcases.purna_logintest@4567f35d]" started-at="2025-06-27T17:15:41 IST" name="loginsuccess" finished-at="2025-06-27T17:15:43 IST" duration-ms="1628" status="PASS">
          <reporter-output>
          </reporter-output>
        </test-method> <!-- loginsuccess -->
        <test-method is-config="true" signature="closebrowser()[pri:0, instance:com.purna_data.testcases.purna_logintest@4567f35d]" started-at="2025-06-27T17:15:43 IST" name="closebrowser" finished-at="2025-06-27T17:15:43 IST" duration-ms="134" status="PASS">
          <reporter-output>
          </reporter-output>
        </test-method> <!-- closebrowser -->
      </class> <!-- com.purna_data.testcases.purna_logintest -->
    </test> <!-- Default test -->
  </suite> <!-- Default suite -->
</testng-results>
